Apr 22, 2013 9:35:44 AM org.apache.solr.core.SolrResourceLoader locateSolrHome
INFO: JNDI not configured for solr (NoInitialContextEx)
Apr 22, 2013 9:35:44 AM org.apache.solr.core.SolrResourceLoader locateSolrHome
INFO: using system property solr.solr.home: /Users/enrahyla/Documents/oscapp-main-master/solr
Apr 22, 2013 9:35:44 AM org.apache.solr.core.SolrResourceLoader <init>
INFO: Solr home set to '/Users/enrahyla/Documents/oscapp-main-master/solr/'
Apr 22, 2013 9:35:44 AM org.apache.solr.servlet.SolrDispatchFilter init
INFO: SolrDispatchFilter.init()
Apr 22, 2013 9:35:44 AM org.apache.solr.core.SolrResourceLoader locateSolrHome
INFO: JNDI not configured for solr (NoInitialContextEx)
Apr 22, 2013 9:35:44 AM org.apache.solr.core.SolrResourceLoader locateSolrHome
INFO: using system property solr.solr.home: /Users/enrahyla/Documents/oscapp-main-master/solr
Apr 22, 2013 9:35:44 AM org.apache.solr.core.CoreContainer$Initializer initialize
INFO: looking for solr.xml: /Users/enrahyla/Documents/oscapp-main-master/solr/solr.xml
Apr 22, 2013 9:35:44 AM org.apache.solr.core.SolrResourceLoader locateSolrHome
INFO: JNDI not configured for solr (NoInitialContextEx)
Apr 22, 2013 9:35:44 AM org.apache.solr.core.SolrResourceLoader locateSolrHome
INFO: using system property solr.solr.home: /Users/enrahyla/Documents/oscapp-main-master/solr
Apr 22, 2013 9:35:44 AM org.apache.solr.core.CoreContainer <init>
INFO: New CoreContainer: solrHome=/Users/enrahyla/Documents/oscapp-main-master/solr/ instance=1902305941
Apr 22, 2013 9:35:44 AM org.apache.solr.core.SolrResourceLoader <init>
INFO: Solr home set to '/Users/enrahyla/Documents/oscapp-main-master/solr/'
Apr 22, 2013 9:35:44 AM org.apache.solr.core.SolrResourceLoader <init>
INFO: Solr home set to '/Users/enrahyla/Documents/oscapp-main-master/solr/./'
Apr 22, 2013 9:35:44 AM org.apache.solr.core.SolrConfig initLibs
INFO: Adding specified lib dirs to ClassLoader
Apr 22, 2013 9:35:44 AM org.apache.solr.core.Config getLuceneVersion
WARNING: the luceneMatchVersion is not specified, defaulting to LUCENE_24 emulation. You should at some point declare and reindex to at least 3.0, because 2.4 emulation is deprecated and will be removed in 4.0. This parameter will be mandatory in 4.0.
Apr 22, 2013 9:35:44 AM org.apache.solr.core.SolrConfig <init>
INFO: Using Lucene MatchVersion: LUCENE_24
Apr 22, 2013 9:35:44 AM org.apache.solr.core.SolrConfig <init>
WARNING: Deprecated syntax found. <highlighting/> should move to <searchComponent/>
Apr 22, 2013 9:35:44 AM org.apache.solr.core.SolrConfig <init>
INFO: Loaded SolrConfig: solrconfig.xml
Apr 22, 2013 9:35:44 AM org.apache.solr.schema.IndexSchema readSchema
INFO: Reading Solr Schema
Apr 22, 2013 9:35:44 AM org.apache.solr.schema.IndexSchema readSchema
INFO: Schema name=sunspot
Apr 22, 2013 9:35:44 AM org.apache.solr.util.plugin.AbstractPluginLoader load
INFO: created string: org.apache.solr.schema.StrField
Apr 22, 2013 9:35:44 AM org.apache.solr.util.plugin.AbstractPluginLoader load
INFO: created tdouble: org.apache.solr.schema.TrieDoubleField
Apr 22, 2013 9:35:44 AM org.apache.solr.util.plugin.AbstractPluginLoader load
INFO: created rand: org.apache.solr.schema.RandomSortField
Apr 22, 2013 9:35:44 AM org.apache.solr.util.plugin.AbstractPluginLoader load
INFO: created : org.apache.solr.analysis.StandardTokenizerFactory
Apr 22, 2013 9:35:44 AM org.apache.solr.analysis.BaseTokenStreamFactory assureMatchVersion
WARNING: StandardTokenizerFactory is using deprecated LUCENE_24 emulation. You should at some point declare and reindex to at least 3.0, because 2.x emulation is deprecated and will be removed in 4.0
Apr 22, 2013 9:35:44 AM org.apache.solr.util.plugin.AbstractPluginLoader load
INFO: created : org.apache.solr.analysis.StandardFilterFactory
Apr 22, 2013 9:35:44 AM org.apache.solr.analysis.BaseTokenStreamFactory assureMatchVersion
WARNING: StandardFilterFactory is using deprecated LUCENE_24 emulation. You should at some point declare and reindex to at least 3.0, because 2.x emulation is deprecated and will be removed in 4.0
Apr 22, 2013 9:35:44 AM org.apache.solr.util.plugin.AbstractPluginLoader load
INFO: created : org.apache.solr.analysis.LowerCaseFilterFactory
Apr 22, 2013 9:35:44 AM org.apache.solr.analysis.BaseTokenStreamFactory assureMatchVersion
WARNING: LowerCaseFilterFactory is using deprecated LUCENE_24 emulation. You should at some point declare and reindex to at least 3.0, because 2.x emulation is deprecated and will be removed in 4.0
Apr 22, 2013 9:35:44 AM org.apache.solr.util.plugin.AbstractPluginLoader load
INFO: created : org.apache.solr.analysis.PorterStemFilterFactory
Apr 22, 2013 9:35:44 AM org.apache.solr.util.plugin.AbstractPluginLoader load
INFO: created text: org.apache.solr.schema.TextField
Apr 22, 2013 9:35:44 AM org.apache.solr.util.plugin.AbstractPluginLoader load
INFO: created boolean: org.apache.solr.schema.BoolField
Apr 22, 2013 9:35:44 AM org.apache.solr.util.plugin.AbstractPluginLoader load
INFO: created date: org.apache.solr.schema.DateField
Apr 22, 2013 9:35:44 AM org.apache.solr.util.plugin.AbstractPluginLoader load
INFO: created sdouble: org.apache.solr.schema.SortableDoubleField
Apr 22, 2013 9:35:44 AM org.apache.solr.util.plugin.AbstractPluginLoader load
INFO: created sfloat: org.apache.solr.schema.SortableFloatField
Apr 22, 2013 9:35:44 AM org.apache.solr.util.plugin.AbstractPluginLoader load
INFO: created sint: org.apache.solr.schema.SortableIntField
Apr 22, 2013 9:35:44 AM org.apache.solr.util.plugin.AbstractPluginLoader load
INFO: created slong: org.apache.solr.schema.SortableLongField
Apr 22, 2013 9:35:44 AM org.apache.solr.util.plugin.AbstractPluginLoader load
INFO: created tint: org.apache.solr.schema.TrieIntField
Apr 22, 2013 9:35:44 AM org.apache.solr.util.plugin.AbstractPluginLoader load
INFO: created tfloat: org.apache.solr.schema.TrieFloatField
Apr 22, 2013 9:35:44 AM org.apache.solr.util.plugin.AbstractPluginLoader load
INFO: created tdate: org.apache.solr.schema.TrieDateField
Apr 22, 2013 9:35:44 AM org.apache.solr.util.plugin.AbstractPluginLoader load
INFO: created location: org.apache.solr.schema.LatLonType
Apr 22, 2013 9:35:44 AM org.apache.solr.schema.IndexSchema readSchema
INFO: default search field is text
Apr 22, 2013 9:35:44 AM org.apache.solr.schema.IndexSchema readSchema
INFO: query parser default operator is AND
Apr 22, 2013 9:35:44 AM org.apache.solr.schema.IndexSchema readSchema
INFO: unique key field: id
Apr 22, 2013 9:35:44 AM org.apache.solr.core.SolrCore <init>
INFO: [] Opening new SolrCore at /Users/enrahyla/Documents/oscapp-main-master/solr/./, dataDir=/Users/enrahyla/Documents/oscapp-main-master/solr/data/development/
Apr 22, 2013 9:35:44 AM org.apache.solr.core.JmxMonitoredMap <init>
INFO: No JMX servers found, not exposing Solr information with JMX.
Apr 22, 2013 9:35:44 AM org.apache.solr.core.SolrCore initListeners
INFO: [] Added SolrEventListener for newSearcher: org.apache.solr.core.QuerySenderListener{queries=[]}
Apr 22, 2013 9:35:44 AM org.apache.solr.core.SolrCore initListeners
INFO: [] Added SolrEventListener for firstSearcher: org.apache.solr.core.QuerySenderListener{queries=[{q=solr rocks,start=0,rows=10}, {q=static firstSearcher warming query from solrconfig.xml}]}
Apr 22, 2013 9:35:44 AM org.apache.solr.request.XSLTResponseWriter <init>
WARNING: org.apache.solr.request.XSLTResponseWriter is deprecated. Please use the corresponding class in org.apache.solr.response
Apr 22, 2013 9:35:44 AM org.apache.solr.response.XSLTResponseWriter init
INFO: xsltCacheLifetimeSeconds=5
Apr 22, 2013 9:35:44 AM org.apache.solr.core.RequestHandlers initHandlersFromConfig
INFO: created standard: solr.SearchHandler
Apr 22, 2013 9:35:44 AM org.apache.solr.core.RequestHandlers initHandlersFromConfig
INFO: created dismax: solr.SearchHandler
Apr 22, 2013 9:35:44 AM org.apache.solr.core.RequestHandlers initHandlersFromConfig
INFO: created partitioned: solr.SearchHandler
Apr 22, 2013 9:35:44 AM org.apache.solr.core.RequestHandlers initHandlersFromConfig
INFO: created /spell: solr.SearchHandler
Apr 22, 2013 9:35:44 AM org.apache.solr.core.RequestHandlers initHandlersFromConfig
INFO: created tvrh: org.apache.solr.handler.component.SearchHandler
Apr 22, 2013 9:35:44 AM org.apache.solr.core.RequestHandlers initHandlersFromConfig
INFO: adding lazy requestHandler: org.apache.solr.handler.extraction.ExtractingRequestHandler
Apr 22, 2013 9:35:44 AM org.apache.solr.core.RequestHandlers initHandlersFromConfig
INFO: created /update/extract: org.apache.solr.handler.extraction.ExtractingRequestHandler
Apr 22, 2013 9:35:44 AM org.apache.solr.core.RequestHandlers initHandlersFromConfig
INFO: created /terms: org.apache.solr.handler.component.SearchHandler
Apr 22, 2013 9:35:44 AM org.apache.solr.core.RequestHandlers initHandlersFromConfig
INFO: adding lazy requestHandler: solr.SearchHandler
Apr 22, 2013 9:35:44 AM org.apache.solr.core.RequestHandlers initHandlersFromConfig
INFO: created /elevate: solr.SearchHandler
Apr 22, 2013 9:35:44 AM org.apache.solr.core.RequestHandlers initHandlersFromConfig
INFO: created /update: solr.XmlUpdateRequestHandler
Apr 22, 2013 9:35:44 AM org.apache.solr.core.RequestHandlers initHandlersFromConfig
INFO: created /update/javabin: solr.BinaryUpdateRequestHandler
Apr 22, 2013 9:35:44 AM org.apache.solr.core.RequestHandlers initHandlersFromConfig
INFO: created /analysis/document: solr.DocumentAnalysisRequestHandler
Apr 22, 2013 9:35:44 AM org.apache.solr.core.RequestHandlers initHandlersFromConfig
INFO: created /analysis/field: solr.FieldAnalysisRequestHandler
Apr 22, 2013 9:35:44 AM org.apache.solr.core.RequestHandlers initHandlersFromConfig
INFO: adding lazy requestHandler: solr.CSVRequestHandler
Apr 22, 2013 9:35:44 AM org.apache.solr.core.RequestHandlers initHandlersFromConfig
INFO: created /update/csv: solr.CSVRequestHandler
Apr 22, 2013 9:35:44 AM org.apache.solr.core.RequestHandlers initHandlersFromConfig
INFO: created /admin/: org.apache.solr.handler.admin.AdminHandlers
Apr 22, 2013 9:35:44 AM org.apache.solr.core.RequestHandlers initHandlersFromConfig
INFO: created /admin/ping: PingRequestHandler
Apr 22, 2013 9:35:44 AM org.apache.solr.core.RequestHandlers initHandlersFromConfig
INFO: created /debug/dump: solr.DumpRequestHandler
Apr 22, 2013 9:35:44 AM org.apache.solr.core.RequestHandlers initHandlersFromConfig
INFO: created /mlt: solr.MoreLikeThisHandler
Apr 22, 2013 9:35:44 AM org.apache.solr.search.SolrIndexSearcher <init>
INFO: Opening Searcher@269be2b5 main
Apr 22, 2013 9:35:44 AM org.apache.solr.update.CommitTracker <init>
INFO: commitTracker AutoCommit: disabled
Apr 22, 2013 9:35:44 AM org.apache.solr.handler.component.SpellCheckComponent inform
INFO: Initializing spell checkers
Apr 22, 2013 9:35:44 AM org.apache.solr.handler.component.SpellCheckComponent inform
WARNING: No queryConverter defined, using default converter
Apr 22, 2013 9:35:44 AM org.apache.solr.handler.component.QueryElevationComponent inform
INFO: Loading QueryElevation from: /Users/enrahyla/Documents/oscapp-main-master/solr/./conf/elevate.xml
Apr 22, 2013 9:35:44 AM org.apache.solr.handler.component.SearchHandler inform
INFO: Adding  component:org.apache.solr.handler.component.QueryComponent@3d5b89c
Apr 22, 2013 9:35:44 AM org.apache.solr.handler.component.SearchHandler inform
INFO: Adding  component:org.apache.solr.handler.component.FacetComponent@444b0bbb
Apr 22, 2013 9:35:44 AM org.apache.solr.handler.component.SearchHandler inform
INFO: Adding  component:org.apache.solr.handler.component.MoreLikeThisComponent@1aef4504
Apr 22, 2013 9:35:44 AM org.apache.solr.handler.component.SearchHandler inform
INFO: Adding  component:org.apache.solr.handler.component.HighlightComponent@529c176c
Apr 22, 2013 9:35:44 AM org.apache.solr.handler.component.SearchHandler inform
INFO: Adding  component:org.apache.solr.handler.component.StatsComponent@5c5ddd3
Apr 22, 2013 9:35:44 AM org.apache.solr.handler.component.SearchHandler inform
INFO: Adding  debug component:org.apache.solr.handler.component.DebugComponent@1664a9b
Apr 22, 2013 9:35:44 AM org.apache.solr.handler.component.SearchHandler inform
INFO: Adding  component:org.apache.solr.handler.component.QueryComponent@3d5b89c
Apr 22, 2013 9:35:44 AM org.apache.solr.handler.component.SearchHandler inform
INFO: Adding  component:org.apache.solr.handler.component.FacetComponent@444b0bbb
Apr 22, 2013 9:35:44 AM org.apache.solr.handler.component.SearchHandler inform
INFO: Adding  component:org.apache.solr.handler.component.MoreLikeThisComponent@1aef4504
Apr 22, 2013 9:35:44 AM org.apache.solr.handler.component.SearchHandler inform
INFO: Adding  component:org.apache.solr.handler.component.HighlightComponent@529c176c
Apr 22, 2013 9:35:44 AM org.apache.solr.handler.component.SearchHandler inform
INFO: Adding  component:org.apache.solr.handler.component.StatsComponent@5c5ddd3
Apr 22, 2013 9:35:44 AM org.apache.solr.handler.component.SearchHandler inform
INFO: Adding  debug component:org.apache.solr.handler.component.DebugComponent@1664a9b
Apr 22, 2013 9:35:44 AM org.apache.solr.handler.component.SearchHandler inform
INFO: Adding  component:org.apache.solr.handler.component.QueryComponent@3d5b89c
Apr 22, 2013 9:35:44 AM org.apache.solr.handler.component.SearchHandler inform
INFO: Adding  component:org.apache.solr.handler.component.FacetComponent@444b0bbb
Apr 22, 2013 9:35:44 AM org.apache.solr.handler.component.SearchHandler inform
INFO: Adding  component:org.apache.solr.handler.component.MoreLikeThisComponent@1aef4504
Apr 22, 2013 9:35:44 AM org.apache.solr.handler.component.SearchHandler inform
INFO: Adding  component:org.apache.solr.handler.component.HighlightComponent@529c176c
Apr 22, 2013 9:35:44 AM org.apache.solr.handler.component.SearchHandler inform
INFO: Adding  component:org.apache.solr.handler.component.StatsComponent@5c5ddd3
Apr 22, 2013 9:35:44 AM org.apache.solr.handler.component.SearchHandler inform
INFO: Adding  debug component:org.apache.solr.handler.component.DebugComponent@1664a9b
Apr 22, 2013 9:35:44 AM org.apache.solr.handler.component.SearchHandler inform
INFO: Adding  component:org.apache.solr.handler.component.QueryComponent@3d5b89c
Apr 22, 2013 9:35:44 AM org.apache.solr.handler.component.SearchHandler inform
INFO: Adding  component:org.apache.solr.handler.component.FacetComponent@444b0bbb
Apr 22, 2013 9:35:44 AM org.apache.solr.handler.component.SearchHandler inform
INFO: Adding  component:org.apache.solr.handler.component.MoreLikeThisComponent@1aef4504
Apr 22, 2013 9:35:44 AM org.apache.solr.handler.component.SearchHandler inform
INFO: Adding  component:org.apache.solr.handler.component.HighlightComponent@529c176c
Apr 22, 2013 9:35:44 AM org.apache.solr.handler.component.SearchHandler inform
INFO: Adding  component:org.apache.solr.handler.component.StatsComponent@5c5ddd3
Apr 22, 2013 9:35:44 AM org.apache.solr.handler.component.SearchHandler inform
INFO: Adding  component:org.apache.solr.handler.component.SpellCheckComponent@62ac06d4
Apr 22, 2013 9:35:44 AM org.apache.solr.handler.component.SearchHandler inform
INFO: Adding  debug component:org.apache.solr.handler.component.DebugComponent@1664a9b
Apr 22, 2013 9:35:44 AM org.apache.solr.handler.component.SearchHandler inform
INFO: Adding  component:org.apache.solr.handler.component.QueryComponent@3d5b89c
Apr 22, 2013 9:35:44 AM org.apache.solr.handler.component.SearchHandler inform
INFO: Adding  component:org.apache.solr.handler.component.FacetComponent@444b0bbb
Apr 22, 2013 9:35:44 AM org.apache.solr.handler.component.SearchHandler inform
INFO: Adding  component:org.apache.solr.handler.component.MoreLikeThisComponent@1aef4504
Apr 22, 2013 9:35:44 AM org.apache.solr.handler.component.SearchHandler inform
INFO: Adding  component:org.apache.solr.handler.component.HighlightComponent@529c176c
Apr 22, 2013 9:35:44 AM org.apache.solr.handler.component.SearchHandler inform
INFO: Adding  component:org.apache.solr.handler.component.StatsComponent@5c5ddd3
Apr 22, 2013 9:35:44 AM org.apache.solr.handler.component.SearchHandler inform
INFO: Adding  component:org.apache.solr.handler.component.TermVectorComponent@bf47ae8
Apr 22, 2013 9:35:44 AM org.apache.solr.handler.component.SearchHandler inform
INFO: Adding  debug component:org.apache.solr.handler.component.DebugComponent@1664a9b
Apr 22, 2013 9:35:44 AM org.apache.solr.handler.component.SearchHandler inform
INFO: Adding  component:org.apache.solr.handler.component.TermsComponent@5fb11b79
Apr 22, 2013 9:35:45 AM org.apache.solr.core.QuerySenderListener newSearcher
INFO: QuerySenderListener sending requests to Searcher@269be2b5 main
Apr 22, 2013 9:35:45 AM org.apache.solr.core.CoreContainer register
INFO: registering core: 
Apr 22, 2013 9:35:45 AM org.apache.solr.servlet.SolrDispatchFilter init
INFO: user.dir=/Users/enrahyla/.rvm/gems/ruby-1.9.3-p362/gems/sunspot_solr-2.0.0/solr
Apr 22, 2013 9:35:45 AM org.apache.solr.servlet.SolrDispatchFilter init
INFO: SolrDispatchFilter.init() done
Apr 22, 2013 9:35:45 AM org.apache.solr.core.SolrCore execute
INFO: [] webapp=null path=null params={start=0&event=firstSearcher&q=solr+rocks&rows=10} hits=0 status=0 QTime=36 
Apr 22, 2013 9:35:45 AM org.apache.solr.core.SolrCore execute
INFO: [] webapp=null path=null params={event=firstSearcher&q=static+firstSearcher+warming+query+from+solrconfig.xml} hits=0 status=0 QTime=1 
Apr 22, 2013 9:35:45 AM org.apache.solr.core.QuerySenderListener newSearcher
INFO: QuerySenderListener done.
Apr 22, 2013 9:35:45 AM org.apache.solr.handler.component.SpellCheckComponent$SpellCheckerListener newSearcher
INFO: Loading spell index for spellchecker: default
Apr 22, 2013 9:35:45 AM org.apache.solr.core.SolrCore registerSearcher
INFO: [] Registered new searcher Searcher@269be2b5 main
Apr 22, 2013 9:35:45 AM org.apache.solr.servlet.SolrServlet init
INFO: SolrServlet.init()
Apr 22, 2013 9:35:45 AM org.apache.solr.core.SolrResourceLoader locateSolrHome
INFO: JNDI not configured for solr (NoInitialContextEx)
Apr 22, 2013 9:35:45 AM org.apache.solr.core.SolrResourceLoader locateSolrHome
INFO: using system property solr.solr.home: /Users/enrahyla/Documents/oscapp-main-master/solr
Apr 22, 2013 9:35:45 AM org.apache.solr.servlet.SolrServlet init
INFO: SolrServlet.init() done
Apr 22, 2013 9:35:45 AM org.apache.solr.core.SolrResourceLoader locateSolrHome
INFO: JNDI not configured for solr (NoInitialContextEx)
Apr 22, 2013 9:35:45 AM org.apache.solr.core.SolrResourceLoader locateSolrHome
INFO: using system property solr.solr.home: /Users/enrahyla/Documents/oscapp-main-master/solr
Apr 22, 2013 9:35:45 AM org.apache.solr.servlet.SolrUpdateServlet init
INFO: SolrUpdateServlet.init() done
Apr 22, 2013 9:35:47 AM org.apache.solr.core.SolrCore execute
INFO: [] webapp=/solr path=/select params={wt=ruby&start=0&fq=type:Event&q=*:*&rows=30} hits=4 status=0 QTime=14 
Apr 22, 2013 9:36:18 AM org.apache.solr.core.SolrCore execute
INFO: [] webapp=/solr path=/select params={wt=ruby&start=0&fq=type:Event&q=*:*&rows=30} hits=4 status=0 QTime=0 
Apr 22, 2013 9:39:02 AM org.apache.solr.core.SolrCore execute
INFO: [] webapp=/solr path=/select params={wt=ruby&start=0&fq=type:Event&q=*:*&rows=30} hits=4 status=0 QTime=0 
Apr 22, 2013 10:21:53 AM org.apache.solr.core.SolrCore execute
INFO: [] webapp=/solr path=/select params={wt=ruby&start=0&fq=type:Event&q=*:*&rows=30} hits=4 status=0 QTime=0 
Apr 22, 2013 10:22:46 AM org.apache.solr.core.SolrCore execute
INFO: [] webapp=/solr path=/select params={wt=ruby&start=0&fq=type:Event&q=*:*&rows=30} hits=4 status=0 QTime=0 
Apr 22, 2013 10:22:55 AM org.apache.solr.core.SolrDeletionPolicy onInit
INFO: SolrDeletionPolicy.onInit: commits:num=1
	commit{dir=/Users/enrahyla/Documents/oscapp-main-master/solr/data/development/index,segFN=segments_1j,version=1366382517880,generation=55,filenames=[_9.tis, _8.tis, _0.tis, _9.nrm, _6.frq, segments_1j, _6.fdx, _9_4.del, _9.tii, _6.tis, _7.fnm, _7.tis, _7.nrm, _7.frq, _0.prx, _0.nrm, _0.fnm, _9.prx, _9.fnm, _7.tii, _8.frq, _9.fdt, _0_1.del, _6.tii, _7.fdx, _9.fdx, _9.frq, _7.fdt, _8.nrm, _7.prx, _8.prx, _8.fnm, _8.tii, _0.tii, _6.prx, _0.frq, _0.fdx, _6.fnm, _8.fdx, _6.fdt, _0.fdt, _6.nrm, _8.fdt]
Apr 22, 2013 10:22:55 AM org.apache.solr.core.SolrDeletionPolicy updateCommits
INFO: newest commit = 1366382517880
Apr 22, 2013 10:22:55 AM org.apache.solr.update.processor.LogUpdateProcessor finish
INFO: {add=[Event 4]} 0 96
Apr 22, 2013 10:22:55 AM org.apache.solr.core.SolrCore execute
INFO: [] webapp=/solr path=/update params={wt=ruby} status=0 QTime=96 
Apr 22, 2013 10:22:55 AM org.apache.solr.update.DirectUpdateHandler2 commit
INFO: start commit(optimize=false,waitFlush=false,waitSearcher=true,expungeDeletes=false)
Apr 22, 2013 10:22:55 AM org.apache.solr.core.SolrDeletionPolicy onCommit
INFO: SolrDeletionPolicy.onCommit: commits:num=2
	commit{dir=/Users/enrahyla/Documents/oscapp-main-master/solr/data/development/index,segFN=segments_1j,version=1366382517880,generation=55,filenames=[_9.tis, _8.tis, _0.tis, _9.nrm, _6.frq, segments_1j, _6.fdx, _9_4.del, _9.tii, _6.tis, _7.fnm, _7.tis, _7.nrm, _7.frq, _0.prx, _0.nrm, _0.fnm, _9.prx, _9.fnm, _7.tii, _8.frq, _9.fdt, _0_1.del, _6.tii, _7.fdx, _9.fdx, _9.frq, _7.fdt, _8.nrm, _7.prx, _8.prx, _8.fnm, _8.tii, _0.tii, _6.prx, _0.frq, _0.fdx, _6.fnm, _8.fdx, _6.fdt, _0.fdt, _6.nrm, _8.fdt]
	commit{dir=/Users/enrahyla/Documents/oscapp-main-master/solr/data/development/index,segFN=segments_1k,version=1366382517883,generation=56,filenames=[_9.tis, _0.tis, _8.tis, _9_4.del, _9.tii, _7.fnm, _7.tis, _7.nrm, _7.frq, _t.tis, _0.prx, _0.fnm, _9.prx, _t.tii, _7.tii, _8.frq, _9.fdt, _7.fdx, _9.fdx, _7.fdt, _8.fnm, _0.tii, _8.tii, _0.frq, _t.nrm, _6.fdt, _0_2.del, _t.fdt, _6.nrm, _9.nrm, _t.fnm, _6.frq, _6.fdx, segments_1k, _t.frq, _t.prx, _6.tis, _0.nrm, _9.fnm, _6.tii, _9.frq, _7.prx, _8.nrm, _8.prx, _6.prx, _t.fdx, _6.fnm, _0.fdx, _8.fdx, _0.fdt, _8.fdt]
Apr 22, 2013 10:22:55 AM org.apache.solr.core.SolrDeletionPolicy updateCommits
INFO: newest commit = 1366382517883
Apr 22, 2013 10:22:55 AM org.apache.solr.search.SolrIndexSearcher <init>
INFO: Opening Searcher@1fbbc779 main
Apr 22, 2013 10:22:55 AM org.apache.solr.update.DirectUpdateHandler2 commit
INFO: end_commit_flush
Apr 22, 2013 10:22:55 AM org.apache.solr.search.SolrIndexSearcher warm
INFO: autowarming Searcher@1fbbc779 main from Searcher@269be2b5 main
	fieldValueCache{lookups=0,hits=0,hitratio=0.00,inserts=0,evictions=0,size=0,warmupTime=0,cumulative_lookups=0,cumulative_hits=0,cumulative_hitratio=0.00,cumulative_inserts=0,cumulative_evictions=0}
Apr 22, 2013 10:22:55 AM org.apache.solr.search.SolrIndexSearcher warm
INFO: autowarming result for Searcher@1fbbc779 main
	fieldValueCache{lookups=0,hits=0,hitratio=0.00,inserts=0,evictions=0,size=0,warmupTime=0,cumulative_lookups=0,cumulative_hits=0,cumulative_hitratio=0.00,cumulative_inserts=0,cumulative_evictions=0}
Apr 22, 2013 10:22:55 AM org.apache.solr.search.SolrIndexSearcher warm
INFO: autowarming Searcher@1fbbc779 main from Searcher@269be2b5 main
	filterCache{lookups=1,hits=0,hitratio=0.00,inserts=1,evictions=0,size=1,warmupTime=0,cumulative_lookups=1,cumulative_hits=0,cumulative_hitratio=0.00,cumulative_inserts=1,cumulative_evictions=0}
Apr 22, 2013 10:22:55 AM org.apache.solr.search.SolrIndexSearcher warm
INFO: autowarming result for Searcher@1fbbc779 main
	filterCache{lookups=0,hits=0,hitratio=0.00,inserts=0,evictions=0,size=0,warmupTime=0,cumulative_lookups=1,cumulative_hits=0,cumulative_hitratio=0.00,cumulative_inserts=1,cumulative_evictions=0}
Apr 22, 2013 10:22:55 AM org.apache.solr.search.SolrIndexSearcher warm
INFO: autowarming Searcher@1fbbc779 main from Searcher@269be2b5 main
	queryResultCache{lookups=5,hits=4,hitratio=0.80,inserts=3,evictions=0,size=3,warmupTime=0,cumulative_lookups=5,cumulative_hits=4,cumulative_hitratio=0.80,cumulative_inserts=1,cumulative_evictions=0}
Apr 22, 2013 10:22:55 AM org.apache.solr.search.SolrIndexSearcher warm
INFO: autowarming result for Searcher@1fbbc779 main
	queryResultCache{lookups=0,hits=0,hitratio=0.00,inserts=0,evictions=0,size=0,warmupTime=0,cumulative_lookups=5,cumulative_hits=4,cumulative_hitratio=0.80,cumulative_inserts=1,cumulative_evictions=0}
Apr 22, 2013 10:22:55 AM org.apache.solr.search.SolrIndexSearcher warm
INFO: autowarming Searcher@1fbbc779 main from Searcher@269be2b5 main
	documentCache{lookups=40,hits=36,hitratio=0.90,inserts=4,evictions=0,size=4,warmupTime=0,cumulative_lookups=40,cumulative_hits=36,cumulative_hitratio=0.90,cumulative_inserts=4,cumulative_evictions=0}
Apr 22, 2013 10:22:55 AM org.apache.solr.search.SolrIndexSearcher warm
INFO: autowarming result for Searcher@1fbbc779 main
	documentCache{lookups=0,hits=0,hitratio=0.00,inserts=0,evictions=0,size=0,warmupTime=0,cumulative_lookups=40,cumulative_hits=36,cumulative_hitratio=0.90,cumulative_inserts=4,cumulative_evictions=0}
Apr 22, 2013 10:22:55 AM org.apache.solr.core.QuerySenderListener newSearcher
INFO: QuerySenderListener sending requests to Searcher@1fbbc779 main
Apr 22, 2013 10:22:55 AM org.apache.solr.core.QuerySenderListener newSearcher
INFO: QuerySenderListener done.
Apr 22, 2013 10:22:55 AM org.apache.solr.core.SolrCore registerSearcher
INFO: [] Registered new searcher Searcher@1fbbc779 main
Apr 22, 2013 10:22:55 AM org.apache.solr.search.SolrIndexSearcher close
INFO: Closing Searcher@269be2b5 main
	fieldValueCache{lookups=0,hits=0,hitratio=0.00,inserts=0,evictions=0,size=0,warmupTime=0,cumulative_lookups=0,cumulative_hits=0,cumulative_hitratio=0.00,cumulative_inserts=0,cumulative_evictions=0}
	filterCache{lookups=1,hits=0,hitratio=0.00,inserts=1,evictions=0,size=1,warmupTime=0,cumulative_lookups=1,cumulative_hits=0,cumulative_hitratio=0.00,cumulative_inserts=1,cumulative_evictions=0}
	queryResultCache{lookups=5,hits=4,hitratio=0.80,inserts=3,evictions=0,size=3,warmupTime=0,cumulative_lookups=5,cumulative_hits=4,cumulative_hitratio=0.80,cumulative_inserts=1,cumulative_evictions=0}
	documentCache{lookups=40,hits=36,hitratio=0.90,inserts=4,evictions=0,size=4,warmupTime=0,cumulative_lookups=40,cumulative_hits=36,cumulative_hitratio=0.90,cumulative_inserts=4,cumulative_evictions=0}
Apr 22, 2013 10:22:55 AM org.apache.solr.update.processor.LogUpdateProcessor finish
INFO: {commit=} 0 290
Apr 22, 2013 10:22:55 AM org.apache.solr.core.SolrCore execute
INFO: [] webapp=/solr path=/update params={wt=ruby} status=0 QTime=290 
Apr 22, 2013 10:23:46 AM org.apache.solr.core.SolrCore execute
INFO: [] webapp=/solr path=/select params={wt=ruby&start=0&fq=type:Event&q=*:*&rows=30} hits=4 status=0 QTime=2 
Apr 22, 2013 10:23:50 AM org.apache.solr.core.SolrCore execute
INFO: [] webapp=/solr path=/select params={fl=*+score&start=0&q=tags&qf=title_text+body_text+tags_text&wt=ruby&fq=type:Event&defType=dismax&rows=30} hits=1 status=0 QTime=9 
Apr 22, 2013 10:24:01 AM org.apache.solr.core.SolrCore execute
INFO: [] webapp=/solr path=/select params={wt=ruby&start=0&fq=type:Event&q=*:*&rows=30} hits=4 status=0 QTime=1 
Apr 22, 2013 10:42:35 AM org.apache.solr.core.SolrCore execute
INFO: [] webapp=/solr path=/select params={wt=ruby&start=0&fq=type:Event&q=*:*&rows=30} hits=4 status=0 QTime=1 
Apr 22, 2013 10:42:49 AM org.apache.solr.core.SolrDeletionPolicy onInit
INFO: SolrDeletionPolicy.onInit: commits:num=1
	commit{dir=/Users/enrahyla/Documents/oscapp-main-master/solr/data/development/index,segFN=segments_1k,version=1366382517883,generation=56,filenames=[_9.tis, _0.tis, _8.tis, _9_4.del, _9.tii, _7.fnm, _7.tis, _7.nrm, _7.frq, _t.tis, _0.prx, _0.fnm, _9.prx, _t.tii, _7.tii, _8.frq, _9.fdt, _7.fdx, _9.fdx, _7.fdt, _8.fnm, _0.tii, _8.tii, _0.frq, _t.nrm, _6.fdt, _0_2.del, _t.fdt, _6.nrm, _9.nrm, _t.fnm, _6.frq, _6.fdx, segments_1k, _t.frq, _t.prx, _6.tis, _0.nrm, _9.fnm, _6.tii, _9.frq, _7.prx, _8.nrm, _8.prx, _6.prx, _t.fdx, _6.fnm, _0.fdx, _8.fdx, _0.fdt, _8.fdt]
Apr 22, 2013 10:42:49 AM org.apache.solr.core.SolrDeletionPolicy updateCommits
INFO: newest commit = 1366382517883
Apr 22, 2013 10:42:49 AM org.apache.solr.update.processor.LogUpdateProcessor finish
INFO: {add=[Event 5]} 0 9
Apr 22, 2013 10:42:49 AM org.apache.solr.core.SolrCore execute
INFO: [] webapp=/solr path=/update params={wt=ruby} status=0 QTime=9 
Apr 22, 2013 10:42:49 AM org.apache.solr.update.DirectUpdateHandler2 commit
INFO: start commit(optimize=false,waitFlush=false,waitSearcher=true,expungeDeletes=false)
Apr 22, 2013 10:42:49 AM org.apache.solr.core.SolrDeletionPolicy onCommit
INFO: SolrDeletionPolicy.onCommit: commits:num=2
	commit{dir=/Users/enrahyla/Documents/oscapp-main-master/solr/data/development/index,segFN=segments_1k,version=1366382517883,generation=56,filenames=[_9.tis, _0.tis, _8.tis, _9_4.del, _9.tii, _7.fnm, _7.tis, _7.nrm, _7.frq, _t.tis, _0.prx, _0.fnm, _9.prx, _t.tii, _7.tii, _8.frq, _9.fdt, _7.fdx, _9.fdx, _7.fdt, _8.fnm, _0.tii, _8.tii, _0.frq, _t.nrm, _6.fdt, _0_2.del, _t.fdt, _6.nrm, _9.nrm, _t.fnm, _6.frq, _6.fdx, segments_1k, _t.frq, _t.prx, _6.tis, _0.nrm, _9.fnm, _6.tii, _9.frq, _7.prx, _8.nrm, _8.prx, _6.prx, _t.fdx, _6.fnm, _0.fdx, _8.fdx, _0.fdt, _8.fdt]
	commit{dir=/Users/enrahyla/Documents/oscapp-main-master/solr/data/development/index,segFN=segments_1l,version=1366382517887,generation=57,filenames=[_9.tis, _8.tis, _9_4.del, _9.tii, _7.fnm, _7.tis, _7.nrm, _7.frq, _t.tis, _u.tii, _9.prx, _t.tii, _u.tis, _7.tii, _8.frq, _9.fdt, _7.fdx, _9.fdx, _7.fdt, _8.fnm, _u.nrm, _8.tii, _u.prx, _t.nrm, _u.fdt, _6.fdt, _t.fdt, _6.nrm, segments_1l, _9.nrm, _t.fnm, _6.frq, _6.fdx, _u.fdx, _u.frq, _t.prx, _t.frq, _6.tis, _u.fnm, _9.fnm, _6.tii, _9.frq, _8.nrm, _7.prx, _8.prx, _6.prx, _t.fdx, _6.fnm, _8.fdx, _8.fdt]
Apr 22, 2013 10:42:49 AM org.apache.solr.core.SolrDeletionPolicy updateCommits
INFO: newest commit = 1366382517887
Apr 22, 2013 10:42:49 AM org.apache.solr.search.SolrIndexSearcher <init>
INFO: Opening Searcher@6bef4b2b main
Apr 22, 2013 10:42:49 AM org.apache.solr.update.DirectUpdateHandler2 commit
INFO: end_commit_flush
Apr 22, 2013 10:42:49 AM org.apache.solr.search.SolrIndexSearcher warm
INFO: autowarming Searcher@6bef4b2b main from Searcher@1fbbc779 main
	fieldValueCache{lookups=0,hits=0,hitratio=0.00,inserts=0,evictions=0,size=0,warmupTime=0,cumulative_lookups=0,cumulative_hits=0,cumulative_hitratio=0.00,cumulative_inserts=0,cumulative_evictions=0}
Apr 22, 2013 10:42:49 AM org.apache.solr.search.SolrIndexSearcher warm
INFO: autowarming result for Searcher@6bef4b2b main
	fieldValueCache{lookups=0,hits=0,hitratio=0.00,inserts=0,evictions=0,size=0,warmupTime=0,cumulative_lookups=0,cumulative_hits=0,cumulative_hitratio=0.00,cumulative_inserts=0,cumulative_evictions=0}
Apr 22, 2013 10:42:49 AM org.apache.solr.search.SolrIndexSearcher warm
INFO: autowarming Searcher@6bef4b2b main from Searcher@1fbbc779 main
	filterCache{lookups=2,hits=1,hitratio=0.50,inserts=1,evictions=0,size=1,warmupTime=0,cumulative_lookups=3,cumulative_hits=1,cumulative_hitratio=0.33,cumulative_inserts=2,cumulative_evictions=0}
Apr 22, 2013 10:42:49 AM org.apache.solr.search.SolrIndexSearcher warm
INFO: autowarming result for Searcher@6bef4b2b main
	filterCache{lookups=0,hits=0,hitratio=0.00,inserts=0,evictions=0,size=0,warmupTime=0,cumulative_lookups=3,cumulative_hits=1,cumulative_hitratio=0.33,cumulative_inserts=2,cumulative_evictions=0}
Apr 22, 2013 10:42:49 AM org.apache.solr.search.SolrIndexSearcher warm
INFO: autowarming Searcher@6bef4b2b main from Searcher@1fbbc779 main
	queryResultCache{lookups=4,hits=2,hitratio=0.50,inserts=2,evictions=0,size=2,warmupTime=0,cumulative_lookups=9,cumulative_hits=6,cumulative_hitratio=0.66,cumulative_inserts=3,cumulative_evictions=0}
Apr 22, 2013 10:42:49 AM org.apache.solr.search.SolrIndexSearcher warm
INFO: autowarming result for Searcher@6bef4b2b main
	queryResultCache{lookups=0,hits=0,hitratio=0.00,inserts=0,evictions=0,size=0,warmupTime=0,cumulative_lookups=9,cumulative_hits=6,cumulative_hitratio=0.66,cumulative_inserts=3,cumulative_evictions=0}
Apr 22, 2013 10:42:49 AM org.apache.solr.search.SolrIndexSearcher warm
INFO: autowarming Searcher@6bef4b2b main from Searcher@1fbbc779 main
	documentCache{lookups=26,hits=22,hitratio=0.84,inserts=4,evictions=0,size=4,warmupTime=0,cumulative_lookups=66,cumulative_hits=58,cumulative_hitratio=0.87,cumulative_inserts=8,cumulative_evictions=0}
Apr 22, 2013 10:42:49 AM org.apache.solr.search.SolrIndexSearcher warm
INFO: autowarming result for Searcher@6bef4b2b main
	documentCache{lookups=0,hits=0,hitratio=0.00,inserts=0,evictions=0,size=0,warmupTime=0,cumulative_lookups=66,cumulative_hits=58,cumulative_hitratio=0.87,cumulative_inserts=8,cumulative_evictions=0}
Apr 22, 2013 10:42:49 AM org.apache.solr.core.QuerySenderListener newSearcher
INFO: QuerySenderListener sending requests to Searcher@6bef4b2b main
Apr 22, 2013 10:42:49 AM org.apache.solr.core.QuerySenderListener newSearcher
INFO: QuerySenderListener done.
Apr 22, 2013 10:42:49 AM org.apache.solr.core.SolrCore registerSearcher
INFO: [] Registered new searcher Searcher@6bef4b2b main
Apr 22, 2013 10:42:49 AM org.apache.solr.search.SolrIndexSearcher close
INFO: Closing Searcher@1fbbc779 main
	fieldValueCache{lookups=0,hits=0,hitratio=0.00,inserts=0,evictions=0,size=0,warmupTime=0,cumulative_lookups=0,cumulative_hits=0,cumulative_hitratio=0.00,cumulative_inserts=0,cumulative_evictions=0}
	filterCache{lookups=2,hits=1,hitratio=0.50,inserts=1,evictions=0,size=1,warmupTime=0,cumulative_lookups=3,cumulative_hits=1,cumulative_hitratio=0.33,cumulative_inserts=2,cumulative_evictions=0}
	queryResultCache{lookups=4,hits=2,hitratio=0.50,inserts=2,evictions=0,size=2,warmupTime=0,cumulative_lookups=9,cumulative_hits=6,cumulative_hitratio=0.66,cumulative_inserts=3,cumulative_evictions=0}
	documentCache{lookups=26,hits=22,hitratio=0.84,inserts=4,evictions=0,size=4,warmupTime=0,cumulative_lookups=66,cumulative_hits=58,cumulative_hitratio=0.87,cumulative_inserts=8,cumulative_evictions=0}
Apr 22, 2013 10:42:49 AM org.apache.solr.update.processor.LogUpdateProcessor finish
INFO: {commit=} 0 20
Apr 22, 2013 10:42:49 AM org.apache.solr.core.SolrCore execute
INFO: [] webapp=/solr path=/update params={wt=ruby} status=0 QTime=20 
Apr 22, 2013 10:44:55 AM org.apache.solr.core.SolrCore execute
INFO: [] webapp=/solr path=/select params={wt=ruby&start=0&fq=type:Event&q=*:*&rows=30} hits=4 status=0 QTime=2 
Apr 22, 2013 10:44:59 AM org.apache.solr.core.SolrDeletionPolicy onInit
INFO: SolrDeletionPolicy.onInit: commits:num=1
	commit{dir=/Users/enrahyla/Documents/oscapp-main-master/solr/data/development/index,segFN=segments_1l,version=1366382517887,generation=57,filenames=[_9.tis, _8.tis, _9_4.del, _9.tii, _7.fnm, _7.tis, _7.nrm, _7.frq, _t.tis, _u.tii, _9.prx, _t.tii, _u.tis, _7.tii, _8.frq, _9.fdt, _7.fdx, _9.fdx, _7.fdt, _8.fnm, _u.nrm, _8.tii, _u.prx, _t.nrm, _u.fdt, _6.fdt, _t.fdt, _6.nrm, segments_1l, _9.nrm, _t.fnm, _6.frq, _6.fdx, _u.fdx, _u.frq, _t.prx, _t.frq, _6.tis, _u.fnm, _9.fnm, _6.tii, _9.frq, _8.nrm, _7.prx, _8.prx, _6.prx, _t.fdx, _6.fnm, _8.fdx, _8.fdt]
Apr 22, 2013 10:44:59 AM org.apache.solr.core.SolrDeletionPolicy updateCommits
INFO: newest commit = 1366382517887
Apr 22, 2013 10:44:59 AM org.apache.solr.update.processor.LogUpdateProcessor finish
INFO: {delete=[Event 5]} 0 7
Apr 22, 2013 10:44:59 AM org.apache.solr.core.SolrCore execute
INFO: [] webapp=/solr path=/update params={wt=ruby} status=0 QTime=7 
Apr 22, 2013 10:44:59 AM org.apache.solr.update.DirectUpdateHandler2 commit
INFO: start commit(optimize=false,waitFlush=false,waitSearcher=true,expungeDeletes=false)
Apr 22, 2013 10:44:59 AM org.apache.solr.core.SolrDeletionPolicy onCommit
INFO: SolrDeletionPolicy.onCommit: commits:num=2
	commit{dir=/Users/enrahyla/Documents/oscapp-main-master/solr/data/development/index,segFN=segments_1l,version=1366382517887,generation=57,filenames=[_9.tis, _8.tis, _9_4.del, _9.tii, _7.fnm, _7.tis, _7.nrm, _7.frq, _t.tis, _u.tii, _9.prx, _t.tii, _u.tis, _7.tii, _8.frq, _9.fdt, _7.fdx, _9.fdx, _7.fdt, _8.fnm, _u.nrm, _8.tii, _u.prx, _t.nrm, _u.fdt, _6.fdt, _t.fdt, _6.nrm, segments_1l, _9.nrm, _t.fnm, _6.frq, _6.fdx, _u.fdx, _u.frq, _t.prx, _t.frq, _6.tis, _u.fnm, _9.fnm, _6.tii, _9.frq, _8.nrm, _7.prx, _8.prx, _6.prx, _t.fdx, _6.fnm, _8.fdx, _8.fdt]
	commit{dir=/Users/enrahyla/Documents/oscapp-main-master/solr/data/development/index,segFN=segments_1m,version=1366382517889,generation=58,filenames=[_9.tis, _8.tis, _t.fnm, _9.nrm, _6.frq, segments_1m, _6.fdx, _9_4.del, _9.tii, _t.frq, _t.prx, _6.tis, _7.fnm, _7.tis, _7.nrm, _7.frq, _t.tis, _t.tii, _9.prx, _9.fnm, _7.tii, _8.frq, _9.fdt, _6.tii, _7.fdx, _9.fdx, _9.frq, _7.fdt, _7.prx, _8.nrm, _8.prx, _8.fnm, _8.tii, _6.prx, _t.fdx, _t.nrm, _6.fnm, _8.fdx, _6.fdt, _t.fdt, _6.nrm, _8.fdt]
Apr 22, 2013 10:44:59 AM org.apache.solr.core.SolrDeletionPolicy updateCommits
INFO: newest commit = 1366382517889
Apr 22, 2013 10:44:59 AM org.apache.solr.search.SolrIndexSearcher <init>
INFO: Opening Searcher@3804dd1b main
Apr 22, 2013 10:44:59 AM org.apache.solr.update.DirectUpdateHandler2 commit
INFO: end_commit_flush
Apr 22, 2013 10:44:59 AM org.apache.solr.search.SolrIndexSearcher warm
INFO: autowarming Searcher@3804dd1b main from Searcher@6bef4b2b main
	fieldValueCache{lookups=0,hits=0,hitratio=0.00,inserts=0,evictions=0,size=0,warmupTime=0,cumulative_lookups=0,cumulative_hits=0,cumulative_hitratio=0.00,cumulative_inserts=0,cumulative_evictions=0}
Apr 22, 2013 10:44:59 AM org.apache.solr.search.SolrIndexSearcher warm
INFO: autowarming result for Searcher@3804dd1b main
	fieldValueCache{lookups=0,hits=0,hitratio=0.00,inserts=0,evictions=0,size=0,warmupTime=0,cumulative_lookups=0,cumulative_hits=0,cumulative_hitratio=0.00,cumulative_inserts=0,cumulative_evictions=0}
Apr 22, 2013 10:44:59 AM org.apache.solr.search.SolrIndexSearcher warm
INFO: autowarming Searcher@3804dd1b main from Searcher@6bef4b2b main
	filterCache{lookups=1,hits=0,hitratio=0.00,inserts=1,evictions=0,size=1,warmupTime=0,cumulative_lookups=4,cumulative_hits=1,cumulative_hitratio=0.25,cumulative_inserts=3,cumulative_evictions=0}
Apr 22, 2013 10:44:59 AM org.apache.solr.search.SolrIndexSearcher warm
INFO: autowarming result for Searcher@3804dd1b main
	filterCache{lookups=0,hits=0,hitratio=0.00,inserts=0,evictions=0,size=0,warmupTime=0,cumulative_lookups=4,cumulative_hits=1,cumulative_hitratio=0.25,cumulative_inserts=3,cumulative_evictions=0}
Apr 22, 2013 10:44:59 AM org.apache.solr.search.SolrIndexSearcher warm
INFO: autowarming Searcher@3804dd1b main from Searcher@6bef4b2b main
	queryResultCache{lookups=1,hits=0,hitratio=0.00,inserts=1,evictions=0,size=1,warmupTime=0,cumulative_lookups=10,cumulative_hits=6,cumulative_hitratio=0.60,cumulative_inserts=4,cumulative_evictions=0}
Apr 22, 2013 10:44:59 AM org.apache.solr.search.SolrIndexSearcher warm
INFO: autowarming result for Searcher@3804dd1b main
	queryResultCache{lookups=0,hits=0,hitratio=0.00,inserts=0,evictions=0,size=0,warmupTime=0,cumulative_lookups=10,cumulative_hits=6,cumulative_hitratio=0.60,cumulative_inserts=4,cumulative_evictions=0}
Apr 22, 2013 10:44:59 AM org.apache.solr.search.SolrIndexSearcher warm
INFO: autowarming Searcher@3804dd1b main from Searcher@6bef4b2b main
	documentCache{lookups=8,hits=4,hitratio=0.50,inserts=4,evictions=0,size=4,warmupTime=0,cumulative_lookups=74,cumulative_hits=62,cumulative_hitratio=0.83,cumulative_inserts=12,cumulative_evictions=0}
Apr 22, 2013 10:44:59 AM org.apache.solr.search.SolrIndexSearcher warm
INFO: autowarming result for Searcher@3804dd1b main
	documentCache{lookups=0,hits=0,hitratio=0.00,inserts=0,evictions=0,size=0,warmupTime=0,cumulative_lookups=74,cumulative_hits=62,cumulative_hitratio=0.83,cumulative_inserts=12,cumulative_evictions=0}
Apr 22, 2013 10:44:59 AM org.apache.solr.core.QuerySenderListener newSearcher
INFO: QuerySenderListener sending requests to Searcher@3804dd1b main
Apr 22, 2013 10:44:59 AM org.apache.solr.core.QuerySenderListener newSearcher
INFO: QuerySenderListener done.
Apr 22, 2013 10:44:59 AM org.apache.solr.core.SolrCore registerSearcher
INFO: [] Registered new searcher Searcher@3804dd1b main
Apr 22, 2013 10:44:59 AM org.apache.solr.search.SolrIndexSearcher close
INFO: Closing Searcher@6bef4b2b main
	fieldValueCache{lookups=0,hits=0,hitratio=0.00,inserts=0,evictions=0,size=0,warmupTime=0,cumulative_lookups=0,cumulative_hits=0,cumulative_hitratio=0.00,cumulative_inserts=0,cumulative_evictions=0}
	filterCache{lookups=1,hits=0,hitratio=0.00,inserts=1,evictions=0,size=1,warmupTime=0,cumulative_lookups=4,cumulative_hits=1,cumulative_hitratio=0.25,cumulative_inserts=3,cumulative_evictions=0}
	queryResultCache{lookups=1,hits=0,hitratio=0.00,inserts=1,evictions=0,size=1,warmupTime=0,cumulative_lookups=10,cumulative_hits=6,cumulative_hitratio=0.60,cumulative_inserts=4,cumulative_evictions=0}
	documentCache{lookups=8,hits=4,hitratio=0.50,inserts=4,evictions=0,size=4,warmupTime=0,cumulative_lookups=74,cumulative_hits=62,cumulative_hitratio=0.83,cumulative_inserts=12,cumulative_evictions=0}
Apr 22, 2013 10:44:59 AM org.apache.solr.update.processor.LogUpdateProcessor finish
INFO: {commit=} 0 13
Apr 22, 2013 10:44:59 AM org.apache.solr.core.SolrCore execute
INFO: [] webapp=/solr path=/update params={wt=ruby} status=0 QTime=13 
Apr 22, 2013 10:45:01 AM org.apache.solr.core.SolrDeletionPolicy onInit
INFO: SolrDeletionPolicy.onInit: commits:num=1
	commit{dir=/Users/enrahyla/Documents/oscapp-main-master/solr/data/development/index,segFN=segments_1m,version=1366382517889,generation=58,filenames=[_9.tis, _8.tis, _t.fnm, _9.nrm, _6.frq, segments_1m, _6.fdx, _9_4.del, _9.tii, _t.frq, _t.prx, _6.tis, _7.fnm, _7.tis, _7.nrm, _7.frq, _t.tis, _t.tii, _9.prx, _9.fnm, _7.tii, _8.frq, _9.fdt, _6.tii, _7.fdx, _9.fdx, _9.frq, _7.fdt, _7.prx, _8.nrm, _8.prx, _8.fnm, _8.tii, _6.prx, _t.fdx, _t.nrm, _6.fnm, _8.fdx, _6.fdt, _t.fdt, _6.nrm, _8.fdt]
Apr 22, 2013 10:45:01 AM org.apache.solr.core.SolrDeletionPolicy updateCommits
INFO: newest commit = 1366382517889
Apr 22, 2013 10:45:01 AM org.apache.solr.update.processor.LogUpdateProcessor finish
INFO: {delete=[Event 4]} 0 6
Apr 22, 2013 10:45:01 AM org.apache.solr.core.SolrCore execute
INFO: [] webapp=/solr path=/update params={wt=ruby} status=0 QTime=6 
Apr 22, 2013 10:45:01 AM org.apache.solr.update.DirectUpdateHandler2 commit
INFO: start commit(optimize=false,waitFlush=false,waitSearcher=true,expungeDeletes=false)
Apr 22, 2013 10:45:01 AM org.apache.solr.core.SolrDeletionPolicy onCommit
INFO: SolrDeletionPolicy.onCommit: commits:num=2
	commit{dir=/Users/enrahyla/Documents/oscapp-main-master/solr/data/development/index,segFN=segments_1m,version=1366382517889,generation=58,filenames=[_9.tis, _8.tis, _t.fnm, _9.nrm, _6.frq, segments_1m, _6.fdx, _9_4.del, _9.tii, _t.frq, _t.prx, _6.tis, _7.fnm, _7.tis, _7.nrm, _7.frq, _t.tis, _t.tii, _9.prx, _9.fnm, _7.tii, _8.frq, _9.fdt, _6.tii, _7.fdx, _9.fdx, _9.frq, _7.fdt, _7.prx, _8.nrm, _8.prx, _8.fnm, _8.tii, _6.prx, _t.fdx, _t.nrm, _6.fnm, _8.fdx, _6.fdt, _t.fdt, _6.nrm, _8.fdt]
	commit{dir=/Users/enrahyla/Documents/oscapp-main-master/solr/data/development/index,segFN=segments_1n,version=1366382517891,generation=59,filenames=[_9.tis, _8.tis, segments_1n, _9.nrm, _6.frq, _6.fdx, _9_4.del, _9.tii, _6.tis, _7.fnm, _7.tis, _7.nrm, _7.frq, _9.prx, _9.fnm, _7.tii, _8.frq, _9.fdt, _6.tii, _7.fdx, _9.fdx, _9.frq, _7.fdt, _7.prx, _8.nrm, _8.prx, _8.fnm, _8.tii, _6.prx, _6.fnm, _8.fdx, _6.fdt, _6.nrm, _8.fdt]
Apr 22, 2013 10:45:01 AM org.apache.solr.core.SolrDeletionPolicy updateCommits
INFO: newest commit = 1366382517891
Apr 22, 2013 10:45:01 AM org.apache.solr.search.SolrIndexSearcher <init>
INFO: Opening Searcher@66f9104a main
Apr 22, 2013 10:45:01 AM org.apache.solr.update.DirectUpdateHandler2 commit
INFO: end_commit_flush
Apr 22, 2013 10:45:01 AM org.apache.solr.search.SolrIndexSearcher warm
INFO: autowarming Searcher@66f9104a main from Searcher@3804dd1b main
	fieldValueCache{lookups=0,hits=0,hitratio=0.00,inserts=0,evictions=0,size=0,warmupTime=0,cumulative_lookups=0,cumulative_hits=0,cumulative_hitratio=0.00,cumulative_inserts=0,cumulative_evictions=0}
Apr 22, 2013 10:45:01 AM org.apache.solr.search.SolrIndexSearcher warm
INFO: autowarming result for Searcher@66f9104a main
	fieldValueCache{lookups=0,hits=0,hitratio=0.00,inserts=0,evictions=0,size=0,warmupTime=0,cumulative_lookups=0,cumulative_hits=0,cumulative_hitratio=0.00,cumulative_inserts=0,cumulative_evictions=0}
Apr 22, 2013 10:45:01 AM org.apache.solr.search.SolrIndexSearcher warm
INFO: autowarming Searcher@66f9104a main from Searcher@3804dd1b main
	filterCache{lookups=0,hits=0,hitratio=0.00,inserts=0,evictions=0,size=0,warmupTime=0,cumulative_lookups=4,cumulative_hits=1,cumulative_hitratio=0.25,cumulative_inserts=3,cumulative_evictions=0}
Apr 22, 2013 10:45:01 AM org.apache.solr.search.SolrIndexSearcher warm
INFO: autowarming result for Searcher@66f9104a main
	filterCache{lookups=0,hits=0,hitratio=0.00,inserts=0,evictions=0,size=0,warmupTime=0,cumulative_lookups=4,cumulative_hits=1,cumulative_hitratio=0.25,cumulative_inserts=3,cumulative_evictions=0}
Apr 22, 2013 10:45:01 AM org.apache.solr.search.SolrIndexSearcher warm
INFO: autowarming Searcher@66f9104a main from Searcher@3804dd1b main
	queryResultCache{lookups=0,hits=0,hitratio=0.00,inserts=0,evictions=0,size=0,warmupTime=0,cumulative_lookups=10,cumulative_hits=6,cumulative_hitratio=0.60,cumulative_inserts=4,cumulative_evictions=0}
Apr 22, 2013 10:45:01 AM org.apache.solr.search.SolrIndexSearcher warm
INFO: autowarming result for Searcher@66f9104a main
	queryResultCache{lookups=0,hits=0,hitratio=0.00,inserts=0,evictions=0,size=0,warmupTime=0,cumulative_lookups=10,cumulative_hits=6,cumulative_hitratio=0.60,cumulative_inserts=4,cumulative_evictions=0}
Apr 22, 2013 10:45:01 AM org.apache.solr.search.SolrIndexSearcher warm
INFO: autowarming Searcher@66f9104a main from Searcher@3804dd1b main
	documentCache{lookups=0,hits=0,hitratio=0.00,inserts=0,evictions=0,size=0,warmupTime=0,cumulative_lookups=74,cumulative_hits=62,cumulative_hitratio=0.83,cumulative_inserts=12,cumulative_evictions=0}
Apr 22, 2013 10:45:01 AM org.apache.solr.search.SolrIndexSearcher warm
INFO: autowarming result for Searcher@66f9104a main
	documentCache{lookups=0,hits=0,hitratio=0.00,inserts=0,evictions=0,size=0,warmupTime=0,cumulative_lookups=74,cumulative_hits=62,cumulative_hitratio=0.83,cumulative_inserts=12,cumulative_evictions=0}
Apr 22, 2013 10:45:01 AM org.apache.solr.core.QuerySenderListener newSearcher
INFO: QuerySenderListener sending requests to Searcher@66f9104a main
Apr 22, 2013 10:45:01 AM org.apache.solr.core.QuerySenderListener newSearcher
INFO: QuerySenderListener done.
Apr 22, 2013 10:45:01 AM org.apache.solr.core.SolrCore registerSearcher
INFO: [] Registered new searcher Searcher@66f9104a main
Apr 22, 2013 10:45:01 AM org.apache.solr.search.SolrIndexSearcher close
INFO: Closing Searcher@3804dd1b main
	fieldValueCache{lookups=0,hits=0,hitratio=0.00,inserts=0,evictions=0,size=0,warmupTime=0,cumulative_lookups=0,cumulative_hits=0,cumulative_hitratio=0.00,cumulative_inserts=0,cumulative_evictions=0}
	filterCache{lookups=0,hits=0,hitratio=0.00,inserts=0,evictions=0,size=0,warmupTime=0,cumulative_lookups=4,cumulative_hits=1,cumulative_hitratio=0.25,cumulative_inserts=3,cumulative_evictions=0}
	queryResultCache{lookups=0,hits=0,hitratio=0.00,inserts=0,evictions=0,size=0,warmupTime=0,cumulative_lookups=10,cumulative_hits=6,cumulative_hitratio=0.60,cumulative_inserts=4,cumulative_evictions=0}
	documentCache{lookups=0,hits=0,hitratio=0.00,inserts=0,evictions=0,size=0,warmupTime=0,cumulative_lookups=74,cumulative_hits=62,cumulative_hitratio=0.83,cumulative_inserts=12,cumulative_evictions=0}
Apr 22, 2013 10:45:01 AM org.apache.solr.update.processor.LogUpdateProcessor finish
INFO: {commit=} 0 12
Apr 22, 2013 10:45:01 AM org.apache.solr.core.SolrCore execute
INFO: [] webapp=/solr path=/update params={wt=ruby} status=0 QTime=12 
Apr 22, 2013 10:45:02 AM org.apache.solr.core.SolrCore execute
INFO: [] webapp=/solr path=/select params={wt=ruby&start=0&fq=type:Event&q=*:*&rows=30} hits=2 status=0 QTime=1 
Apr 22, 2013 10:51:44 AM org.apache.solr.core.SolrCore execute
INFO: [] webapp=/solr path=/select params={wt=ruby&start=0&fq=type:Event&q=*:*&rows=30} hits=2 status=0 QTime=1 
Apr 22, 2013 10:51:46 AM org.apache.solr.core.SolrCore execute
INFO: [] webapp=/solr path=/select params={wt=ruby&start=0&fq=type:Event&q=*:*&rows=30} hits=2 status=0 QTime=0 
Apr 22, 2013 10:52:56 AM org.apache.solr.core.SolrCore execute
INFO: [] webapp=/solr path=/select params={wt=ruby&start=0&fq=type:Event&q=*:*&rows=30} hits=2 status=0 QTime=0 
Apr 22, 2013 1:44:27 PM org.apache.solr.core.SolrCore execute
INFO: [] webapp=/solr path=/select params={wt=ruby&start=0&fq=type:Event&q=*:*&rows=30} hits=2 status=0 QTime=0 
Apr 22, 2013 1:44:55 PM org.apache.solr.core.SolrCore execute
INFO: [] webapp=/solr path=/select params={wt=ruby&start=0&fq=type:Diary&q=*:*&rows=30} hits=2 status=0 QTime=1 
Apr 22, 2013 1:46:14 PM org.apache.solr.core.SolrCore execute
INFO: [] webapp=/solr path=/select params={wt=ruby&start=0&fq=type:Diary&q=*:*&rows=30} hits=2 status=0 QTime=0 
Apr 22, 2013 2:56:23 PM org.apache.solr.core.SolrCore execute
INFO: [] webapp=/solr path=/select params={wt=ruby&start=0&fq=type:Event&q=*:*&rows=30} hits=2 status=0 QTime=0 
Apr 22, 2013 3:09:35 PM org.apache.solr.core.SolrCore execute
INFO: [] webapp=/solr path=/select params={wt=ruby&start=0&fq=type:Event&q=*:*&rows=30} hits=2 status=0 QTime=0 
Apr 22, 2013 3:48:56 PM org.apache.solr.core.SolrCore execute
INFO: [] webapp=/solr path=/select params={wt=ruby&start=0&fq=type:Event&q=*:*&rows=30} hits=2 status=0 QTime=1 
Apr 22, 2013 3:50:06 PM org.apache.solr.core.SolrCore execute
INFO: [] webapp=/solr path=/select params={wt=ruby&start=0&fq=type:Event&q=*:*&rows=30} hits=2 status=0 QTime=0 
Apr 22, 2013 4:01:12 PM org.apache.solr.core.SolrCore execute
INFO: [] webapp=/solr path=/select params={wt=ruby&start=0&fq=type:Event&q=*:*&rows=30} hits=2 status=0 QTime=0 
